<?xml version="1.0" encoding="UTF-8"?>
<!-- Generated by org.testng.reporters.JUnitReportReporter -->
<testsuite hostname="DESKTOP-GN0KS5C" failures="0" tests="1" name="org.example.FirstTestCase" time="0.281" errors="0" timestamp="1 Apr 2025 14:54:14 GMT">
  <testcase classname="org.example.FirstTestCase" name="verifyTitle" time="0.281"/>
</testsuite> <!-- org.example.FirstTestCase -->
